TN:
SF:src/entity/order.ts
FN:3,get
FN:17,validate
FN:29,total
FN:9,Order
FNF:4
FNH:4
FNDA:1,get
FNDA:1,validate
FNDA:1,total
FNDA:1,Order
DA:1,1
DA:2,1
DA:3,1
DA:4,1
DA:5,1
DA:6,1
DA:7,1
DA:8,1
DA:9,1
DA:10,1
DA:11,1
DA:12,1
DA:13,1
DA:14,1
DA:15,1
DA:16,1
DA:17,1
DA:18,1
DA:19,1
DA:20,1
DA:21,1
DA:22,1
DA:23,1
DA:24,1
DA:25,1
DA:26,1
DA:27,1
DA:28,1
DA:29,1
DA:30,1
DA:31,1
DA:32,1
LF:32
LH:32
BRDA:3,0,0,1
BRDA:17,1,0,1
BRDA:18,2,0,0
BRDA:21,3,0,0
BRDA:23,4,0,0
BRDA:25,5,0,1
BRDA:29,6,0,1
BRDA:30,7,0,1
BRDA:9,8,0,1
BRF:9
BRH:6
end_of_record
TN:
SF:src/entity/order_item.ts
FN:1,get
FN:22,get id
FN:26,get name
FN:30,get price
FN:34,get quantity
FN:8,OrderItem
FNF:6
FNH:4
FNDA:1,get
FNDA:0,get id
FNDA:0,get name
FNDA:1,get price
FNDA:1,get quantity
FNDA:1,OrderItem
DA:1,1
DA:2,1
DA:3,1
DA:4,1
DA:5,1
DA:6,1
DA:7,1
DA:8,1
DA:9,1
DA:10,1
DA:11,1
DA:12,1
DA:13,1
DA:14,1
DA:15,1
DA:16,1
DA:17,1
DA:18,1
DA:19,1
DA:20,1
DA:21,1
DA:22,1
DA:23,0
DA:24,0
DA:25,1
DA:26,1
DA:27,0
DA:28,0
DA:29,1
DA:30,1
DA:31,1
DA:32,1
DA:33,1
DA:34,1
DA:35,1
DA:36,1
DA:37,1
LF:37
LH:33
BRDA:1,0,0,1
BRDA:30,1,0,1
BRDA:34,2,0,1
BRDA:8,3,0,1
BRF:4
BRH:4
end_of_record
